Using pre-set license
Built from '2020.3/staging' branch; Version is '2020.3.11f1 (99c7afb366b3) revision 10078127'; Using compiler version '192528614'; Build Type 'Release'
OS: 'Windows 10 Home; OS build 18363.1440; Version 1909; 64bit' Language: 'en' Physical Memory: 15789 MB
BatchMode: 1, IsHumanControllingUs: 0, StartBugReporterOnCrash: 0, Is64bit: 1, IsPro: 0

 COMMAND LINE ARGUMENTS:
C:\Program Files\Unity\Hub\Editor\2020.3.11f1\Editor\Unity.exe
-adb2
-batchMode
-noUpm
-name
AssetImportWorker0
-projectPath
C:/Users/Rex Wang/Documents/Git Projects/CSVtoOFX All/CSVtoOFX
-logFile
Logs/AssetImportWorker0.log
-srvPort
56075
Successfully changed project path to: C:/Users/Rex Wang/Documents/Git Projects/CSVtoOFX All/CSVtoOFX
C:/Users/Rex Wang/Documents/Git Projects/CSVtoOFX All/CSVtoOFX
Using Asset Import Pipeline V2.
Refreshing native plugins compatible for Editor in 44.79 ms, found 3 plugins.
Preloading 0 native plugins for Editor in 0.00 ms.
Initialize engine version: 2020.3.11f1 (99c7afb366b3)
[Subsystems] Discovering subsystems at path C:/Program Files/Unity/Hub/Editor/2020.3.11f1/Editor/Data/Resources/UnitySubsystems
[Subsystems] Discovering subsystems at path C:/Users/Rex Wang/Documents/Git Projects/CSVtoOFX All/CSVtoOFX/Assets
GfxDevice: creating device client; threaded=0
Direct3D:
    Version:  Direct3D 11.0 [level 11.1]
    Renderer: NVIDIA GeForce GTX 1660 Ti (ID=0x2191)
    Vendor:   
    VRAM:     5991 MB
    Driver:   27.21.14.6627
Initialize mono
Mono path[0] = 'C:/Program Files/Unity/Hub/Editor/2020.3.11f1/Editor/Data/Managed'
Mono path[1] = 'C:/Program Files/Unity/Hub/Editor/2020.3.11f1/Editor/Data/MonoBleedingEdge/lib/mono/unityjit'
Mono config path = 'C:/Program Files/Unity/Hub/Editor/2020.3.11f1/Editor/Data/MonoBleedingEdge/etc'
Using monoOptions --debugger-agent=transport=dt_socket,embedding=1,server=y,suspend=n,address=127.0.0.1:56824
Begin MonoManager ReloadAssembly
Registering precompiled unity dll's ...
Register platform support module: C:/Program Files/Unity/Hub/Editor/2020.3.11f1/Editor/Data/PlaybackEngines/WindowsStandaloneSupport/UnityEditor.WindowsStandalone.Extensions.dll
Registered in 0.013267 seconds.
Native extension for WindowsStandalone target not found
Refreshing native plugins compatible for Editor in 45.21 ms, found 3 plugins.
Preloading 0 native plugins for Editor in 0.00 ms.
Mono: successfully reloaded assembly
- Completed reload, in  2.489 seconds
Platform modules already initialized, skipping
Registering precompiled user dll's ...
Registered in 0.007210 seconds.
Begin MonoManager ReloadAssembly
Native extension for WindowsStandalone target not found
Refreshing native plugins compatible for Editor in 43.51 ms, found 3 plugins.
Preloading 0 native plugins for Editor in 0.00 ms.
Mono: successfully reloaded assembly
- Completed reload, in  1.583 seconds
Platform modules already initialized, skipping
========================================================================
Worker process is ready to serve import requests
Launched and connected shader compiler UnityShaderCompiler.exe after 0.07 seconds
Refreshing native plugins compatible for Editor in 0.61 ms, found 3 plugins.
Preloading 0 native plugins for Editor in 0.00 ms.
Unloading 2113 Unused Serialized files (Serialized files now loaded: 0)
System memory in use before: 95.6 MB.
System memory in use after: 95.6 MB.

Unloading 34 unused Assets to reduce memory usage. Loaded Objects now: 2546.
Total: 3.186500 ms (FindLiveObjects: 0.281600 ms CreateObjectMapping: 0.058800 ms MarkObjects: 2.673000 ms  DeleteObjects: 0.170600 ms)

========================================================================
Received Import Request.
  path: Assets/MMCSVicon.png
  artifactKey: Guid(252a65a4f865b62488e6980eb0f56791) Importer(815301076,1909f56bfc062723c751e8b465ee728b)
Start importing Assets/MMCSVicon.png using Guid(252a65a4f865b62488e6980eb0f56791) Importer(815301076,1909f56bfc062723c751e8b465ee728b)  -> (artifact id: '9617894c3cc7873af93cb62121ca1630') in 0.155869 seconds
  Import took 0.173455 seconds .

========================================================================
Received Prepare
Registering precompiled user dll's ...
Registered in 0.004094 seconds.
Begin MonoManager ReloadAssembly
Native extension for WindowsStandalone target not found
Refreshing native plugins compatible for Editor in 0.66 ms, found 3 plugins.
Preloading 0 native plugins for Editor in 0.00 ms.
Mono: successfully reloaded assembly
- Completed reload, in  0.992 seconds
Platform modules already initialized, skipping
Refreshing native plugins compatible for Editor in 1.07 ms, found 3 plugins.
Preloading 0 native plugins for Editor in 0.00 ms.
Unloading 2095 Unused Serialized files (Serialized files now loaded: 0)
System memory in use before: 97.2 MB.
System memory in use after: 97.2 MB.

Unloading 22 unused Assets to reduce memory usage. Loaded Objects now: 2556.
Total: 2.541400 ms (FindLiveObjects: 0.214200 ms CreateObjectMapping: 0.046500 ms MarkObjects: 2.111700 ms  DeleteObjects: 0.167600 ms)

========================================================================
Received Prepare
Refreshing native plugins compatible for Editor in 4.92 ms, found 3 plugins.
Preloading 0 native plugins for Editor in 0.00 ms.
Unloading 20 Unused Serialized files (Serialized files now loaded: 0)
System memory in use before: 56.3 MB.
System memory in use after: 56.2 MB.

Unloading 20 unused Assets to reduce memory usage. Loaded Objects now: 2556.
Total: 3.737400 ms (FindLiveObjects: 0.287600 ms CreateObjectMapping: 0.048300 ms MarkObjects: 3.196600 ms  DeleteObjects: 0.203200 ms)

AssetImportWorkerClient::OnTransportError - code=2 error=End of file
